<?xml version="1.0" encoding="UTF-8"?>
<!-- Generated by org.testng.reporters.JUnitXMLReporter -->
<testsuite ignored="0" hostname="DESKTOP-6JUGJ4I" failures="4" tests="13" name="TestsOnEdge" time="207.668" errors="0" timestamp="2022-12-20T17:43:11 IST">
  <testcase classname="com.TripAdvisor.WebApp.Tests.HomePageTest" name="TC_TripAdvisor_HomePage_001" time="0.095"/>
  <testcase classname="com.TripAdvisor.WebApp.Tests.HomePageTest" name="TC_TripAdvisor_HomePage_002" time="0.292"/>
  <testcase classname="com.TripAdvisor.WebApp.Tests.HomePageTest" name="TC_TripAdvisor_HomePage_003" time="0.144"/>
  <testcase classname="com.TripAdvisor.WebApp.Tests.SignInPageTest" name="TC_TripAdvisor_SignInPage_001" time="20.92">
    <failure type="java.lang.NullPointerException">
      <![CDATA[java.lang.NullPointerException
at com.TripAdvisor.WebApp.Base.BasePage.getPageHeader(BasePage.java:40)
at com.TripAdvisor.WebApp.Pages.SignInPage.getSignInPageHeader(SignInPage.java:107)
at com.TripAdvisor.WebApp.Tests.SignInPageTest.TC_TripAdvisor_SignInPage_001(SignInPageTest.java:42)
at java.base/java.util.ArrayList.forEach(ArrayList.java:1541)
at java.base/java.util.concurrent.FutureTask.run(FutureTask.java:264)
at java.base/java.util.concurrent.ThreadPoolExecutor.runWorker(ThreadPoolExecutor.java:1128)
at java.base/java.util.concurrent.ThreadPoolExecutor$Worker.run(ThreadPoolExecutor.java:628)
at java.base/java.lang.Thread.run(Thread.java:834)
... Removed 18 stack frames]]>
    </failure>
  </testcase> <!-- TC_TripAdvisor_SignInPage_001 -->
  <testcase classname="com.TripAdvisor.WebApp.Tests.SignInPageTest" name="TC_TripAdvisor_SignInPage_002" time="5.176"/>
  <testcase classname="com.TripAdvisor.WebApp.Tests.SignInPageTest" name="TC_TripAdvisor_SignInPage_003" time="3.213"/>
  <testcase classname="com.TripAdvisor.WebApp.Tests.SignInPageTest" name="TC_TripAdvisor_SignInPage_004" time="2.03"/>
  <testcase classname="com.TripAdvisor.WebApp.Tests.SignInPageTest" name="TC_TripAdvisor_SignInPage_005" time="4.482"/>
  <testcase classname="com.TripAdvisor.WebApp.Tests.SignInPageTest" name="TC_TripAdvisor_SignInPage_006" time="5.874"/>
  <testcase classname="com.TripAdvisor.WebApp.Tests.SignInPageTest" name="TC_TripAdvisor_SignInPage_Negative_007" time="23.756">
    <failure type="java.lang.NullPointerException">
      <![CDATA[java.lang.NullPointerException
at com.TripAdvisor.WebApp.Pages.SignInPage.getTheErrorMessageOnInvalidCredetials(SignInPage.java:134)
at com.TripAdvisor.WebApp.Tests.SignInPageTest.TC_TripAdvisor_SignInPage_Negative_007(SignInPageTest.java:139)
at java.base/java.util.ArrayList.forEach(ArrayList.java:1541)
at java.base/java.util.concurrent.FutureTask.run(FutureTask.java:264)
at java.base/java.util.concurrent.ThreadPoolExecutor.runWorker(ThreadPoolExecutor.java:1128)
at java.base/java.util.concurrent.ThreadPoolExecutor$Worker.run(ThreadPoolExecutor.java:628)
at java.base/java.lang.Thread.run(Thread.java:834)
... Removed 18 stack frames]]>
    </failure>
  </testcase> <!-- TC_TripAdvisor_SignInPage_Negative_007 -->
  <testcase classname="com.TripAdvisor.WebApp.Tests.SignInPageTest" name="TC_TripAdvisor_SignInPage_Negative_007" time="29.78">
    <failure type="java.lang.NullPointerException">
      <![CDATA[java.lang.NullPointerException
at com.TripAdvisor.WebApp.Pages.SignInPage.getTheErrorMessageOnInvalidCredetials(SignInPage.java:134)
at com.TripAdvisor.WebApp.Tests.SignInPageTest.TC_TripAdvisor_SignInPage_Negative_007(SignInPageTest.java:139)
at java.base/java.util.ArrayList.forEach(ArrayList.java:1541)
at java.base/java.util.concurrent.FutureTask.run(FutureTask.java:264)
at java.base/java.util.concurrent.ThreadPoolExecutor.runWorker(ThreadPoolExecutor.java:1128)
at java.base/java.util.concurrent.ThreadPoolExecutor$Worker.run(ThreadPoolExecutor.java:628)
at java.base/java.lang.Thread.run(Thread.java:834)
... Removed 18 stack frames]]>
    </failure>
  </testcase> <!-- TC_TripAdvisor_SignInPage_Negative_007 -->
  <testcase classname="com.TripAdvisor.WebApp.Tests.SignInPageTest" name="TC_TripAdvisor_SignInPage_Negative_008" time="6.806"/>
  <testcase classname="com.TripAdvisor.WebApp.Tests.SignInPageTest" name="TC_TripAdvisor_SignInPage_Negative_009" time="20.833">
    <failure type="java.lang.NullPointerException">
      <![CDATA[java.lang.NullPointerException
at com.TripAdvisor.WebApp.Pages.SignInPage.clickOnContinueWithEmail(SignInPage.java:113)
at com.TripAdvisor.WebApp.Tests.SignInPageTest.TC_TripAdvisor_SignInPage_Negative_009(SignInPageTest.java:173)
at java.base/java.util.ArrayList.forEach(ArrayList.java:1541)
at java.base/java.util.concurrent.FutureTask.run(FutureTask.java:264)
at java.base/java.util.concurrent.ThreadPoolExecutor.runWorker(ThreadPoolExecutor.java:1128)
at java.base/java.util.concurrent.ThreadPoolExecutor$Worker.run(ThreadPoolExecutor.java:628)
at java.base/java.lang.Thread.run(Thread.java:834)
... Removed 18 stack frames]]>
    </failure>
  </testcase> <!-- TC_TripAdvisor_SignInPage_Negative_009 -->
</testsuite> <!-- TestsOnEdge -->
