<?xml version="1.0" encoding="UTF-8"?>
<!-- Generated by org.testng.reporters.JUnitXMLReporter -->
<testsuite ignored="0" hostname="DESKTOP-6JUGJ4I" failures="0" tests="13" name="Test" time="79.964" errors="0" timestamp="2022-12-19T19:39:37 IST">
  <testcase classname="com.TripAdvisor.WebApp.Tests.HomePageTest" name="TC_TripAdvisor_HomePage_001" time="0.032"/>
  <testcase classname="com.TripAdvisor.WebApp.Tests.HomePageTest" name="TC_TripAdvisor_HomePage_002" time="0.087"/>
  <testcase classname="com.TripAdvisor.WebApp.Tests.HomePageTest" name="TC_TripAdvisor_HomePage_003" time="0.105"/>
  <testcase classname="com.TripAdvisor.WebApp.Tests.SignInPageTest" name="TC_TripAdvisor_SignInPage_001" time="1.839"/>
  <testcase classname="com.TripAdvisor.WebApp.Tests.SignInPageTest" name="TC_TripAdvisor_SignInPage_002" time="2.215"/>
  <testcase classname="com.TripAdvisor.WebApp.Tests.SignInPageTest" name="TC_TripAdvisor_SignInPage_003" time="1.343"/>
  <testcase classname="com.TripAdvisor.WebApp.Tests.SignInPageTest" name="TC_TripAdvisor_SignInPage_004" time="1.184"/>
  <testcase classname="com.TripAdvisor.WebApp.Tests.SignInPageTest" name="TC_TripAdvisor_SignInPage_005" time="1.978"/>
  <testcase classname="com.TripAdvisor.WebApp.Tests.SignInPageTest" name="TC_TripAdvisor_SignInPage_006" time="3.771"/>
  <testcase classname="com.TripAdvisor.WebApp.Tests.SignInPageTest" name="TC_TripAdvisor_SignInPage_Negative_007" time="4.975"/>
  <testcase classname="com.TripAdvisor.WebApp.Tests.SignInPageTest" name="TC_TripAdvisor_SignInPage_Negative_007" time="4.345"/>
  <testcase classname="com.TripAdvisor.WebApp.Tests.SignInPageTest" name="TC_TripAdvisor_SignInPage_Negative_008" time="4.318"/>
  <testcase classname="com.TripAdvisor.WebApp.Tests.SignInPageTest" name="TC_TripAdvisor_SignInPage_Negative_009" time="3.656"/>
</testsuite> <!-- Test -->
