<?xml version="1.0" encoding="UTF-8"?>
<!-- Generated by org.testng.reporters.JUnitXMLReporter -->
<testsuite ignored="0" hostname="DESKTOP-6JUGJ4I" failures="1" tests="13" name="TestsOnEdge" time="136.43" errors="0" timestamp="2022-12-20T09:02:43 IST">
  <testcase classname="com.TripAdvisor.WebApp.Tests.HomePageTest" name="TC_TripAdvisor_HomePage_001" time="0.132"/>
  <testcase classname="com.TripAdvisor.WebApp.Tests.HomePageTest" name="TC_TripAdvisor_HomePage_002" time="0.357"/>
  <testcase classname="com.TripAdvisor.WebApp.Tests.HomePageTest" name="TC_TripAdvisor_HomePage_003" time="0.166"/>
  <testcase classname="com.TripAdvisor.WebApp.Tests.SignInPageTest" name="TC_TripAdvisor_SignInPage_001" time="4.268"/>
  <testcase classname="com.TripAdvisor.WebApp.Tests.SignInPageTest" name="TC_TripAdvisor_SignInPage_002" time="3.667"/>
  <testcase classname="com.TripAdvisor.WebApp.Tests.SignInPageTest" name="TC_TripAdvisor_SignInPage_003" time="4.545"/>
  <testcase classname="com.TripAdvisor.WebApp.Tests.SignInPageTest" name="TC_TripAdvisor_SignInPage_004" time="5.328"/>
  <testcase classname="com.TripAdvisor.WebApp.Tests.SignInPageTest" name="TC_TripAdvisor_SignInPage_005" time="4.35"/>
  <testcase classname="com.TripAdvisor.WebApp.Tests.SignInPageTest" name="TC_TripAdvisor_SignInPage_006" time="20.752">
    <failure type="java.lang.NullPointerException">
      <![CDATA[java.lang.NullPointerException
at com.TripAdvisor.WebApp.Pages.SignInPage.clickOnContinueWithEmail(SignInPage.java:113)
at com.TripAdvisor.WebApp.Tests.SignInPageTest.TC_TripAdvisor_SignInPage_006(SignInPageTest.java:115)
at java.base/java.util.ArrayList.forEach(ArrayList.java:1541)
at java.base/java.util.concurrent.FutureTask.run(FutureTask.java:264)
at java.base/java.util.concurrent.ThreadPoolExecutor.runWorker(ThreadPoolExecutor.java:1128)
at java.base/java.util.concurrent.ThreadPoolExecutor$Worker.run(ThreadPoolExecutor.java:628)
at java.base/java.lang.Thread.run(Thread.java:834)
... Removed 18 stack frames]]>
    </failure>
  </testcase> <!-- TC_TripAdvisor_SignInPage_006 -->
  <testcase classname="com.TripAdvisor.WebApp.Tests.SignInPageTest" name="TC_TripAdvisor_SignInPage_Negative_007" time="7.019"/>
  <testcase classname="com.TripAdvisor.WebApp.Tests.SignInPageTest" name="TC_TripAdvisor_SignInPage_Negative_007" time="6.483"/>
  <testcase classname="com.TripAdvisor.WebApp.Tests.SignInPageTest" name="TC_TripAdvisor_SignInPage_Negative_008" time="8.038"/>
  <testcase classname="com.TripAdvisor.WebApp.Tests.SignInPageTest" name="TC_TripAdvisor_SignInPage_Negative_009" time="7.17"/>
</testsuite> <!-- TestsOnEdge -->
