<?xml version="1.0" encoding="UTF-8"?>
<!-- Generated by org.testng.reporters.JUnitXMLReporter -->
<testsuite ignored="0" hostname="DESKTOP-6JUGJ4I" failures="1" tests="13" name="TestsOnChrome" time="137.776" errors="0" timestamp="2022-12-20T09:02:44 IST">
  <testcase classname="com.TripAdvisor.WebApp.Tests.HomePageTest" name="TC_TripAdvisor_HomePage_001" time="0.011"/>
  <testcase classname="com.TripAdvisor.WebApp.Tests.HomePageTest" name="TC_TripAdvisor_HomePage_002" time="0.942"/>
  <testcase classname="com.TripAdvisor.WebApp.Tests.HomePageTest" name="TC_TripAdvisor_HomePage_003" time="0.095"/>
  <testcase classname="com.TripAdvisor.WebApp.Tests.SignInPageTest" name="TC_TripAdvisor_SignInPage_001" time="4.495"/>
  <testcase classname="com.TripAdvisor.WebApp.Tests.SignInPageTest" name="TC_TripAdvisor_SignInPage_002" time="5.15"/>
  <testcase classname="com.TripAdvisor.WebApp.Tests.SignInPageTest" name="TC_TripAdvisor_SignInPage_003" time="4.712"/>
  <testcase classname="com.TripAdvisor.WebApp.Tests.SignInPageTest" name="TC_TripAdvisor_SignInPage_004" time="5.343"/>
  <testcase classname="com.TripAdvisor.WebApp.Tests.SignInPageTest" name="TC_TripAdvisor_SignInPage_005" time="20.785">
    <failure type="java.lang.NullPointerException">
      <![CDATA[java.lang.NullPointerException
at com.TripAdvisor.WebApp.Pages.SignInPage.clickOnContinueWithEmail(SignInPage.java:113)
at com.TripAdvisor.WebApp.Tests.SignInPageTest.TC_TripAdvisor_SignInPage_005(SignInPageTest.java:98)
at java.base/java.util.ArrayList.forEach(ArrayList.java:1541)
at java.base/java.util.concurrent.FutureTask.run(FutureTask.java:264)
at java.base/java.util.concurrent.ThreadPoolExecutor.runWorker(ThreadPoolExecutor.java:1128)
at java.base/java.util.concurrent.ThreadPoolExecutor$Worker.run(ThreadPoolExecutor.java:628)
at java.base/java.lang.Thread.run(Thread.java:834)
... Removed 18 stack frames]]>
    </failure>
  </testcase> <!-- TC_TripAdvisor_SignInPage_005 -->
  <testcase classname="com.TripAdvisor.WebApp.Tests.SignInPageTest" name="TC_TripAdvisor_SignInPage_006" time="2.86"/>
  <testcase classname="com.TripAdvisor.WebApp.Tests.SignInPageTest" name="TC_TripAdvisor_SignInPage_Negative_007" time="7.893"/>
  <testcase classname="com.TripAdvisor.WebApp.Tests.SignInPageTest" name="TC_TripAdvisor_SignInPage_Negative_007" time="7.056"/>
  <testcase classname="com.TripAdvisor.WebApp.Tests.SignInPageTest" name="TC_TripAdvisor_SignInPage_Negative_008" time="6.226"/>
  <testcase classname="com.TripAdvisor.WebApp.Tests.SignInPageTest" name="TC_TripAdvisor_SignInPage_Negative_009" time="7.083"/>
</testsuite> <!-- TestsOnChrome -->
