<?xml version="1.0" encoding="UTF-8"?>
<!-- Generated by org.testng.reporters.JUnitXMLReporter -->
<testsuite ignored="7" hostname="DESKTOP-6JUGJ4I" failures="0" tests="2" name="TestsOnChrome(failed)" time="29.65" errors="0" timestamp="2022-12-20T17:45:54 IST">
  <testcase classname="com.TripAdvisor.WebApp.Tests.SignInPageTest" name="TC_TripAdvisor_SignInPage_004" time="6.069"/>
  <testcase classname="com.TripAdvisor.WebApp.Tests.SignInPageTest" name="TC_TripAdvisor_SignInPage_003" time="3.818"/>
  <testcase classname="com.TripAdvisor.WebApp.Tests.SignInPageTest" name="TC_TripAdvisor_SignInPage_Negative_007" time="0.0">
    <ignored/>
  </testcase> <!-- TC_TripAdvisor_SignInPage_Negative_007 -->
  <testcase classname="com.TripAdvisor.WebApp.Tests.SignInPageTest" name="TC_TripAdvisor_SignInPage_005" time="0.0">
    <ignored/>
  </testcase> <!-- TC_TripAdvisor_SignInPage_005 -->
  <testcase classname="com.TripAdvisor.WebApp.Tests.SignInPageTest" name="TC_TripAdvisor_SignInPage_002" time="0.0">
    <ignored/>
  </testcase> <!-- TC_TripAdvisor_SignInPage_002 -->
  <testcase classname="com.TripAdvisor.WebApp.Tests.SignInPageTest" name="TC_TripAdvisor_SignInPage_Negative_009" time="0.0">
    <ignored/>
  </testcase> <!-- TC_TripAdvisor_SignInPage_Negative_009 -->
  <testcase classname="com.TripAdvisor.WebApp.Tests.SignInPageTest" name="TC_TripAdvisor_SignInPage_006" time="0.0">
    <ignored/>
  </testcase> <!-- TC_TripAdvisor_SignInPage_006 -->
  <testcase classname="com.TripAdvisor.WebApp.Tests.SignInPageTest" name="TC_TripAdvisor_SignInPage_Negative_008" time="0.0">
    <ignored/>
  </testcase> <!-- TC_TripAdvisor_SignInPage_Negative_008 -->
  <testcase classname="com.TripAdvisor.WebApp.Tests.SignInPageTest" name="TC_TripAdvisor_SignInPage_001" time="0.0">
    <ignored/>
  </testcase> <!-- TC_TripAdvisor_SignInPage_001 -->
</testsuite> <!-- TestsOnChrome(failed) -->
