<?xml version="1.0" encoding="UTF-8"?>
<!-- Generated by org.testng.reporters.JUnitXMLReporter -->
<testsuite ignored="6" hostname="DESKTOP-6JUGJ4I" failures="0" tests="4" name="TestsOnEdge(failed)" time="53.42" errors="0" timestamp="2022-12-20T17:46:18 IST">
  <testcase classname="com.TripAdvisor.WebApp.Tests.SignInPageTest" name="TC_TripAdvisor_SignInPage_Negative_007" time="9.72"/>
  <testcase classname="com.TripAdvisor.WebApp.Tests.SignInPageTest" name="TC_TripAdvisor_SignInPage_Negative_007" time="7.118"/>
  <testcase classname="com.TripAdvisor.WebApp.Tests.SignInPageTest" name="TC_TripAdvisor_SignInPage_Negative_009" time="4.181"/>
  <testcase classname="com.TripAdvisor.WebApp.Tests.SignInPageTest" name="TC_TripAdvisor_SignInPage_001" time="2.738"/>
  <testcase classname="com.TripAdvisor.WebApp.Tests.SignInPageTest" name="TC_TripAdvisor_SignInPage_004" time="0.0">
    <ignored/>
  </testcase> <!-- TC_TripAdvisor_SignInPage_004 -->
  <testcase classname="com.TripAdvisor.WebApp.Tests.SignInPageTest" name="TC_TripAdvisor_SignInPage_005" time="0.0">
    <ignored/>
  </testcase> <!-- TC_TripAdvisor_SignInPage_005 -->
  <testcase classname="com.TripAdvisor.WebApp.Tests.SignInPageTest" name="TC_TripAdvisor_SignInPage_002" time="0.0">
    <ignored/>
  </testcase> <!-- TC_TripAdvisor_SignInPage_002 -->
  <testcase classname="com.TripAdvisor.WebApp.Tests.SignInPageTest" name="TC_TripAdvisor_SignInPage_006" time="0.0">
    <ignored/>
  </testcase> <!-- TC_TripAdvisor_SignInPage_006 -->
  <testcase classname="com.TripAdvisor.WebApp.Tests.SignInPageTest" name="TC_TripAdvisor_SignInPage_003" time="0.0">
    <ignored/>
  </testcase> <!-- TC_TripAdvisor_SignInPage_003 -->
  <testcase classname="com.TripAdvisor.WebApp.Tests.SignInPageTest" name="TC_TripAdvisor_SignInPage_Negative_008" time="0.0">
    <ignored/>
  </testcase> <!-- TC_TripAdvisor_SignInPage_Negative_008 -->
</testsuite> <!-- TestsOnEdge(failed) -->
