<?xml version="1.0" encoding="UTF-8"?>
<testng-results ignored="0" total="26" passed="24" failed="2" skipped="0">
  <reporter-output>
  </reporter-output>
  <suite started-at="2022-12-20T09:00:26 IST" name="Suite" finished-at="2022-12-20T09:02:44 IST" duration-ms="137776">
    <groups>
    </groups>
    <test started-at="2022-12-20T09:00:26 IST" name="TestsOnEdge" finished-at="2022-12-20T09:02:42 IST" duration-ms="136430">
      <class name="com.TripAdvisor.WebApp.Tests.SignInPageTest">
        <test-method is-config="true" signature="init(java.lang.String)[pri:0, instance:com.TripAdvisor.WebApp.Tests.SignInPageTest@543588e6]" started-at="2022-12-20T09:00:43 IST" name="init" finished-at="2022-12-20T09:00:47 IST" duration-ms="3712" status="PASS">
          <params>
            <param index="0">
              <value>
                <![CDATA[microsoftEdge]]>
              </value>
            </param>
          </params>
          <reporter-output>
          </reporter-output>
        </test-method> <!-- init -->
        <test-method signature="TC_TripAdvisor_SignInPage_001()[pri:0, instance:com.TripAdvisor.WebApp.Tests.SignInPageTest@543588e6]" started-at="2022-12-20T09:00:47 IST" name="TC_TripAdvisor_SignInPage_001" finished-at="2022-12-20T09:00:51 IST" duration-ms="4268" status="PASS">
          <reporter-output>
          </reporter-output>
        </test-method> <!-- TC_TripAdvisor_SignInPage_001 -->
        <test-method is-config="true" signature="tearDown()[pri:0, instance:com.TripAdvisor.WebApp.Tests.SignInPageTest@543588e6]" started-at="2022-12-20T09:00:51 IST" name="tearDown" finished-at="2022-12-20T09:00:52 IST" duration-ms="882" status="PASS">
          <reporter-output>
          </reporter-output>
        </test-method> <!-- tearDown -->
        <test-method is-config="true" signature="init(java.lang.String)[pri:0, instance:com.TripAdvisor.WebApp.Tests.SignInPageTest@543588e6]" started-at="2022-12-20T09:00:52 IST" name="init" finished-at="2022-12-20T09:00:55 IST" duration-ms="2875" status="PASS">
          <params>
            <param index="0">
              <value>
                <![CDATA[microsoftEdge]]>
              </value>
            </param>
          </params>
          <reporter-output>
          </reporter-output>
        </test-method> <!-- init -->
        <test-method signature="TC_TripAdvisor_SignInPage_002()[pri:0, instance:com.TripAdvisor.WebApp.Tests.SignInPageTest@543588e6]" started-at="2022-12-20T09:00:55 IST" name="TC_TripAdvisor_SignInPage_002" finished-at="2022-12-20T09:00:59 IST" duration-ms="3667" status="PASS">
          <reporter-output>
          </reporter-output>
        </test-method> <!-- TC_TripAdvisor_SignInPage_002 -->
        <test-method is-config="true" signature="tearDown()[pri:0, instance:com.TripAdvisor.WebApp.Tests.SignInPageTest@543588e6]" started-at="2022-12-20T09:00:59 IST" name="tearDown" finished-at="2022-12-20T09:01:00 IST" duration-ms="1149" status="PASS">
          <reporter-output>
          </reporter-output>
        </test-method> <!-- tearDown -->
        <test-method is-config="true" signature="init(java.lang.String)[pri:0, instance:com.TripAdvisor.WebApp.Tests.SignInPageTest@543588e6]" started-at="2022-12-20T09:01:00 IST" name="init" finished-at="2022-12-20T09:01:03 IST" duration-ms="3247" status="PASS">
          <params>
            <param index="0">
              <value>
                <![CDATA[microsoftEdge]]>
              </value>
            </param>
          </params>
          <reporter-output>
          </reporter-output>
        </test-method> <!-- init -->
        <test-method signature="TC_TripAdvisor_SignInPage_003()[pri:0, instance:com.TripAdvisor.WebApp.Tests.SignInPageTest@543588e6]" started-at="2022-12-20T09:01:03 IST" name="TC_TripAdvisor_SignInPage_003" finished-at="2022-12-20T09:01:08 IST" duration-ms="4545" status="PASS">
          <reporter-output>
          </reporter-output>
        </test-method> <!-- TC_TripAdvisor_SignInPage_003 -->
        <test-method is-config="true" signature="tearDown()[pri:0, instance:com.TripAdvisor.WebApp.Tests.SignInPageTest@543588e6]" started-at="2022-12-20T09:01:08 IST" name="tearDown" finished-at="2022-12-20T09:01:09 IST" duration-ms="937" status="PASS">
          <reporter-output>
          </reporter-output>
        </test-method> <!-- tearDown -->
        <test-method is-config="true" signature="init(java.lang.String)[pri:0, instance:com.TripAdvisor.WebApp.Tests.SignInPageTest@543588e6]" started-at="2022-12-20T09:01:09 IST" name="init" finished-at="2022-12-20T09:01:12 IST" duration-ms="3444" status="PASS">
          <params>
            <param index="0">
              <value>
                <![CDATA[microsoftEdge]]>
              </value>
            </param>
          </params>
          <reporter-output>
          </reporter-output>
        </test-method> <!-- init -->
        <test-method signature="TC_TripAdvisor_SignInPage_004()[pri:0, instance:com.TripAdvisor.WebApp.Tests.SignInPageTest@543588e6]" started-at="2022-12-20T09:01:12 IST" name="TC_TripAdvisor_SignInPage_004" finished-at="2022-12-20T09:01:18 IST" duration-ms="5328" status="PASS">
          <reporter-output>
          </reporter-output>
        </test-method> <!-- TC_TripAdvisor_SignInPage_004 -->
        <test-method is-config="true" signature="tearDown()[pri:0, instance:com.TripAdvisor.WebApp.Tests.SignInPageTest@543588e6]" started-at="2022-12-20T09:01:18 IST" name="tearDown" finished-at="2022-12-20T09:01:18 IST" duration-ms="933" status="PASS">
          <reporter-output>
          </reporter-output>
        </test-method> <!-- tearDown -->
        <test-method is-config="true" signature="init(java.lang.String)[pri:0, instance:com.TripAdvisor.WebApp.Tests.SignInPageTest@543588e6]" started-at="2022-12-20T09:01:18 IST" name="init" finished-at="2022-12-20T09:01:21 IST" duration-ms="2894" status="PASS">
          <params>
            <param index="0">
              <value>
                <![CDATA[microsoftEdge]]>
              </value>
            </param>
          </params>
          <reporter-output>
          </reporter-output>
        </test-method> <!-- init -->
        <test-method signature="TC_TripAdvisor_SignInPage_005()[pri:0, instance:com.TripAdvisor.WebApp.Tests.SignInPageTest@543588e6]" started-at="2022-12-20T09:01:21 IST" name="TC_TripAdvisor_SignInPage_005" finished-at="2022-12-20T09:01:26 IST" duration-ms="4350" status="PASS">
          <reporter-output>
          </reporter-output>
        </test-method> <!-- TC_TripAdvisor_SignInPage_005 -->
        <test-method is-config="true" signature="tearDown()[pri:0, instance:com.TripAdvisor.WebApp.Tests.SignInPageTest@543588e6]" started-at="2022-12-20T09:01:26 IST" name="tearDown" finished-at="2022-12-20T09:01:27 IST" duration-ms="815" status="PASS">
          <reporter-output>
          </reporter-output>
        </test-method> <!-- tearDown -->
        <test-method is-config="true" signature="init(java.lang.String)[pri:0, instance:com.TripAdvisor.WebApp.Tests.SignInPageTest@543588e6]" started-at="2022-12-20T09:01:27 IST" name="init" finished-at="2022-12-20T09:01:34 IST" duration-ms="7621" status="PASS">
          <params>
            <param index="0">
              <value>
                <![CDATA[microsoftEdge]]>
              </value>
            </param>
          </params>
          <reporter-output>
          </reporter-output>
        </test-method> <!-- init -->
        <test-method signature="TC_TripAdvisor_SignInPage_006()[pri:0, instance:com.TripAdvisor.WebApp.Tests.SignInPageTest@543588e6]" started-at="2022-12-20T09:01:34 IST" name="TC_TripAdvisor_SignInPage_006" finished-at="2022-12-20T09:01:55 IST" duration-ms="20752" status="FAIL">
          <exception class="java.lang.NullPointerException">
            <full-stacktrace>
              <![CDATA[java.lang.NullPointerException
at com.TripAdvisor.WebApp.Pages.SignInPage.clickOnContinueWithEmail(SignInPage.java:113)
at com.TripAdvisor.WebApp.Tests.SignInPageTest.TC_TripAdvisor_SignInPage_006(SignInPageTest.java:115)
at java.base/jdk.internal.reflect.NativeMethodAccessorImpl.invoke0(Native Method)
at java.base/jdk.internal.reflect.NativeMethodAccessorImpl.invoke(NativeMethodAccessorImpl.java:62)
at java.base/jdk.internal.reflect.DelegatingMethodAccessorImpl.invoke(DelegatingMethodAccessorImpl.java:43)
at java.base/java.lang.reflect.Method.invoke(Method.java:566)
at org.testng.internal.MethodInvocationHelper.invokeMethod(MethodInvocationHelper.java:133)
at org.testng.internal.TestInvoker.invokeMethod(TestInvoker.java:598)
at org.testng.internal.TestInvoker.invokeTestMethod(TestInvoker.java:173)
at org.testng.internal.MethodRunner.runInSequence(MethodRunner.java:46)
at org.testng.internal.TestInvoker$MethodInvocationAgent.invoke(TestInvoker.java:824)
at org.testng.internal.TestInvoker.invokeTestMethods(TestInvoker.java:146)
at org.testng.internal.TestMethodWorker.invokeTestMethods(TestMethodWorker.java:146)
at org.testng.internal.TestMethodWorker.run(TestMethodWorker.java:128)
at java.base/java.util.ArrayList.forEach(ArrayList.java:1541)
at org.testng.TestRunner.privateRun(TestRunner.java:794)
at org.testng.TestRunner.run(TestRunner.java:596)
at org.testng.SuiteRunner.runTest(SuiteRunner.java:377)
at org.testng.SuiteRunner.access$000(SuiteRunner.java:28)
at org.testng.SuiteRunner$SuiteWorker.run(SuiteRunner.java:418)
at org.testng.internal.thread.ThreadUtil.lambda$execute$0(ThreadUtil.java:64)
at java.base/java.util.concurrent.FutureTask.run(FutureTask.java:264)
at java.base/java.util.concurrent.ThreadPoolExecutor.runWorker(ThreadPoolExecutor.java:1128)
at java.base/java.util.concurrent.ThreadPoolExecutor$Worker.run(ThreadPoolExecutor.java:628)
at java.base/java.lang.Thread.run(Thread.java:834)
]]>
            </full-stacktrace>
          </exception> <!-- java.lang.NullPointerException -->
          <reporter-output>
          </reporter-output>
        </test-method> <!-- TC_TripAdvisor_SignInPage_006 -->
        <test-method is-config="true" signature="tearDown()[pri:0, instance:com.TripAdvisor.WebApp.Tests.SignInPageTest@543588e6]" started-at="2022-12-20T09:01:55 IST" name="tearDown" finished-at="2022-12-20T09:01:56 IST" duration-ms="1168" status="PASS">
          <reporter-output>
          </reporter-output>
        </test-method> <!-- tearDown -->
        <test-method is-config="true" signature="init(java.lang.String)[pri:0, instance:com.TripAdvisor.WebApp.Tests.SignInPageTest@543588e6]" started-at="2022-12-20T09:01:57 IST" name="init" finished-at="2022-12-20T09:02:01 IST" duration-ms="4002" status="PASS">
          <params>
            <param index="0">
              <value>
                <![CDATA[microsoftEdge]]>
              </value>
            </param>
          </params>
          <reporter-output>
          </reporter-output>
        </test-method> <!-- init -->
        <test-method signature="TC_TripAdvisor_SignInPage_Negative_007(org.apache.poi.ss.usermodel.Row)[pri:0, instance:com.TripAdvisor.WebApp.Tests.SignInPageTest@543588e6]" started-at="2022-12-20T09:02:01 IST" name="TC_TripAdvisor_SignInPage_Negative_007" data-provider="dataProviderForSignIn" finished-at="2022-12-20T09:02:08 IST" duration-ms="7019" status="PASS">
          <params>
            <param index="0">
              <value>
                <![CDATA[<xml-fragment r="1" spans="1:2" xmlns:r="http://schemas.openxmlformats.org/officeDocument/2006/relationships" xmlns:main="http://schemas.openxmlformats.org/spreadsheetml/2006/main">
  <main:c r="A1" t="s">
    <main:v>0</main:v>
  </main:c>
  <main:c r="B1" t="s">
    <main:v>1</main:v>
  </main:c>
</xml-fragment>]]>
              </value>
            </param>
          </params>
          <reporter-output>
          </reporter-output>
        </test-method> <!-- TC_TripAdvisor_SignInPage_Negative_007 -->
        <test-method is-config="true" signature="tearDown()[pri:0, instance:com.TripAdvisor.WebApp.Tests.SignInPageTest@543588e6]" started-at="2022-12-20T09:02:08 IST" name="tearDown" finished-at="2022-12-20T09:02:09 IST" duration-ms="753" status="PASS">
          <reporter-output>
          </reporter-output>
        </test-method> <!-- tearDown -->
        <test-method is-config="true" signature="init(java.lang.String)[pri:0, instance:com.TripAdvisor.WebApp.Tests.SignInPageTest@543588e6]" started-at="2022-12-20T09:02:09 IST" name="init" finished-at="2022-12-20T09:02:12 IST" duration-ms="2955" status="PASS">
          <params>
            <param index="0">
              <value>
                <![CDATA[microsoftEdge]]>
              </value>
            </param>
          </params>
          <reporter-output>
          </reporter-output>
        </test-method> <!-- init -->
        <test-method signature="TC_TripAdvisor_SignInPage_Negative_007(org.apache.poi.ss.usermodel.Row)[pri:0, instance:com.TripAdvisor.WebApp.Tests.SignInPageTest@543588e6]" started-at="2022-12-20T09:02:12 IST" name="TC_TripAdvisor_SignInPage_Negative_007" data-provider="dataProviderForSignIn" finished-at="2022-12-20T09:02:18 IST" duration-ms="6483" status="PASS">
          <params>
            <param index="0">
              <value>
                <![CDATA[<xml-fragment r="2" spans="1:2" xmlns:r="http://schemas.openxmlformats.org/officeDocument/2006/relationships" xmlns:main="http://schemas.openxmlformats.org/spreadsheetml/2006/main">
  <main:c r="A2" s="1" t="s">
    <main:v>2</main:v>
  </main:c>
  <main:c r="B2" t="s">
    <main:v>3</main:v>
  </main:c>
</xml-fragment>]]>
              </value>
            </param>
          </params>
          <reporter-output>
          </reporter-output>
        </test-method> <!-- TC_TripAdvisor_SignInPage_Negative_007 -->
        <test-method is-config="true" signature="tearDown()[pri:0, instance:com.TripAdvisor.WebApp.Tests.SignInPageTest@543588e6]" started-at="2022-12-20T09:02:18 IST" name="tearDown" finished-at="2022-12-20T09:02:19 IST" duration-ms="1253" status="PASS">
          <reporter-output>
          </reporter-output>
        </test-method> <!-- tearDown -->
        <test-method is-config="true" signature="init(java.lang.String)[pri:0, instance:com.TripAdvisor.WebApp.Tests.SignInPageTest@543588e6]" started-at="2022-12-20T09:02:19 IST" name="init" finished-at="2022-12-20T09:02:22 IST" duration-ms="2949" status="PASS">
          <params>
            <param index="0">
              <value>
                <![CDATA[microsoftEdge]]>
              </value>
            </param>
          </params>
          <reporter-output>
          </reporter-output>
        </test-method> <!-- init -->
        <test-method signature="TC_TripAdvisor_SignInPage_Negative_008()[pri:0, instance:com.TripAdvisor.WebApp.Tests.SignInPageTest@543588e6]" started-at="2022-12-20T09:02:22 IST" name="TC_TripAdvisor_SignInPage_Negative_008" finished-at="2022-12-20T09:02:30 IST" duration-ms="8038" status="PASS">
          <reporter-output>
          </reporter-output>
        </test-method> <!-- TC_TripAdvisor_SignInPage_Negative_008 -->
        <test-method is-config="true" signature="tearDown()[pri:0, instance:com.TripAdvisor.WebApp.Tests.SignInPageTest@543588e6]" started-at="2022-12-20T09:02:30 IST" name="tearDown" finished-at="2022-12-20T09:02:31 IST" duration-ms="804" status="PASS">
          <reporter-output>
          </reporter-output>
        </test-method> <!-- tearDown -->
        <test-method is-config="true" signature="init(java.lang.String)[pri:0, instance:com.TripAdvisor.WebApp.Tests.SignInPageTest@543588e6]" started-at="2022-12-20T09:02:31 IST" name="init" finished-at="2022-12-20T09:02:34 IST" duration-ms="2851" status="PASS">
          <params>
            <param index="0">
              <value>
                <![CDATA[microsoftEdge]]>
              </value>
            </param>
          </params>
          <reporter-output>
          </reporter-output>
        </test-method> <!-- init -->
        <test-method signature="TC_TripAdvisor_SignInPage_Negative_009()[pri:0, instance:com.TripAdvisor.WebApp.Tests.SignInPageTest@543588e6]" started-at="2022-12-20T09:02:34 IST" name="TC_TripAdvisor_SignInPage_Negative_009" finished-at="2022-12-20T09:02:41 IST" duration-ms="7170" status="PASS">
          <reporter-output>
          </reporter-output>
        </test-method> <!-- TC_TripAdvisor_SignInPage_Negative_009 -->
        <test-method is-config="true" signature="tearDown()[pri:0, instance:com.TripAdvisor.WebApp.Tests.SignInPageTest@543588e6]" started-at="2022-12-20T09:02:41 IST" name="tearDown" finished-at="2022-12-20T09:02:42 IST" duration-ms="1219" status="PASS">
          <reporter-output>
          </reporter-output>
        </test-method> <!-- tearDown -->
      </class> <!-- com.TripAdvisor.WebApp.Tests.SignInPageTest -->
      <class name="com.TripAdvisor.WebApp.Tests.HomePageTest">
        <test-method is-config="true" signature="init(java.lang.String)[pri:0, instance:com.TripAdvisor.WebApp.Tests.HomePageTest@58695725]" started-at="2022-12-20T09:00:26 IST" name="init" finished-at="2022-12-20T09:00:34 IST" duration-ms="7575" status="PASS">
          <params>
            <param index="0">
              <value>
                <![CDATA[microsoftEdge]]>
              </value>
            </param>
          </params>
          <reporter-output>
          </reporter-output>
        </test-method> <!-- init -->
        <test-method signature="TC_TripAdvisor_HomePage_001()[pri:0, instance:com.TripAdvisor.WebApp.Tests.HomePageTest@58695725]" started-at="2022-12-20T09:00:34 IST" name="TC_TripAdvisor_HomePage_001" finished-at="2022-12-20T09:00:34 IST" duration-ms="132" status="PASS">
          <reporter-output>
          </reporter-output>
        </test-method> <!-- TC_TripAdvisor_HomePage_001 -->
        <test-method is-config="true" signature="tearDown()[pri:0, instance:com.TripAdvisor.WebApp.Tests.HomePageTest@58695725]" started-at="2022-12-20T09:00:34 IST" name="tearDown" finished-at="2022-12-20T09:00:35 IST" duration-ms="815" status="PASS">
          <reporter-output>
          </reporter-output>
        </test-method> <!-- tearDown -->
        <test-method is-config="true" signature="init(java.lang.String)[pri:0, instance:com.TripAdvisor.WebApp.Tests.HomePageTest@58695725]" started-at="2022-12-20T09:00:35 IST" name="init" finished-at="2022-12-20T09:00:38 IST" duration-ms="3594" status="PASS">
          <params>
            <param index="0">
              <value>
                <![CDATA[microsoftEdge]]>
              </value>
            </param>
          </params>
          <reporter-output>
          </reporter-output>
        </test-method> <!-- init -->
        <test-method signature="TC_TripAdvisor_HomePage_002()[pri:0, instance:com.TripAdvisor.WebApp.Tests.HomePageTest@58695725]" started-at="2022-12-20T09:00:38 IST" name="TC_TripAdvisor_HomePage_002" finished-at="2022-12-20T09:00:39 IST" duration-ms="357" status="PASS">
          <reporter-output>
          </reporter-output>
        </test-method> <!-- TC_TripAdvisor_HomePage_002 -->
        <test-method is-config="true" signature="tearDown()[pri:0, instance:com.TripAdvisor.WebApp.Tests.HomePageTest@58695725]" started-at="2022-12-20T09:00:39 IST" name="tearDown" finished-at="2022-12-20T09:00:39 IST" duration-ms="752" status="PASS">
          <reporter-output>
          </reporter-output>
        </test-method> <!-- tearDown -->
        <test-method is-config="true" signature="init(java.lang.String)[pri:0, instance:com.TripAdvisor.WebApp.Tests.HomePageTest@58695725]" started-at="2022-12-20T09:00:39 IST" name="init" finished-at="2022-12-20T09:00:42 IST" duration-ms="3152" status="PASS">
          <params>
            <param index="0">
              <value>
                <![CDATA[microsoftEdge]]>
              </value>
            </param>
          </params>
          <reporter-output>
          </reporter-output>
        </test-method> <!-- init -->
        <test-method signature="TC_TripAdvisor_HomePage_003()[pri:0, instance:com.TripAdvisor.WebApp.Tests.HomePageTest@58695725]" started-at="2022-12-20T09:00:42 IST" name="TC_TripAdvisor_HomePage_003" finished-at="2022-12-20T09:00:43 IST" duration-ms="166" status="PASS">
          <reporter-output>
          </reporter-output>
        </test-method> <!-- TC_TripAdvisor_HomePage_003 -->
        <test-method is-config="true" signature="tearDown()[pri:0, instance:com.TripAdvisor.WebApp.Tests.HomePageTest@58695725]" started-at="2022-12-20T09:00:43 IST" name="tearDown" finished-at="2022-12-20T09:00:43 IST" duration-ms="849" status="PASS">
          <reporter-output>
          </reporter-output>
        </test-method> <!-- tearDown -->
      </class> <!-- com.TripAdvisor.WebApp.Tests.HomePageTest -->
    </test> <!-- TestsOnEdge -->
    <test started-at="2022-12-20T09:00:26 IST" name="TestsOnChrome" finished-at="2022-12-20T09:02:44 IST" duration-ms="137776">
      <class name="com.TripAdvisor.WebApp.Tests.SignInPageTest">
        <test-method is-config="true" signature="init(java.lang.String)[pri:0, instance:com.TripAdvisor.WebApp.Tests.SignInPageTest@71238fc2]" started-at="2022-12-20T09:00:44 IST" name="init" finished-at="2022-12-20T09:00:46 IST" duration-ms="2774" status="PASS">
          <params>
            <param index="0">
              <value>
                <![CDATA[chrome]]>
              </value>
            </param>
          </params>
          <reporter-output>
          </reporter-output>
        </test-method> <!-- init -->
        <test-method signature="TC_TripAdvisor_SignInPage_001()[pri:0, instance:com.TripAdvisor.WebApp.Tests.SignInPageTest@71238fc2]" started-at="2022-12-20T09:00:46 IST" name="TC_TripAdvisor_SignInPage_001" finished-at="2022-12-20T09:00:51 IST" duration-ms="4495" status="PASS">
          <reporter-output>
          </reporter-output>
        </test-method> <!-- TC_TripAdvisor_SignInPage_001 -->
        <test-method is-config="true" signature="tearDown()[pri:0, instance:com.TripAdvisor.WebApp.Tests.SignInPageTest@71238fc2]" started-at="2022-12-20T09:00:51 IST" name="tearDown" finished-at="2022-12-20T09:00:52 IST" duration-ms="810" status="PASS">
          <reporter-output>
          </reporter-output>
        </test-method> <!-- tearDown -->
        <test-method is-config="true" signature="init(java.lang.String)[pri:0, instance:com.TripAdvisor.WebApp.Tests.SignInPageTest@71238fc2]" started-at="2022-12-20T09:00:52 IST" name="init" finished-at="2022-12-20T09:00:55 IST" duration-ms="3265" status="PASS">
          <params>
            <param index="0">
              <value>
                <![CDATA[chrome]]>
              </value>
            </param>
          </params>
          <reporter-output>
          </reporter-output>
        </test-method> <!-- init -->
        <test-method signature="TC_TripAdvisor_SignInPage_002()[pri:0, instance:com.TripAdvisor.WebApp.Tests.SignInPageTest@71238fc2]" started-at="2022-12-20T09:00:55 IST" name="TC_TripAdvisor_SignInPage_002" finished-at="2022-12-20T09:01:00 IST" duration-ms="5150" status="PASS">
          <reporter-output>
          </reporter-output>
        </test-method> <!-- TC_TripAdvisor_SignInPage_002 -->
        <test-method is-config="true" signature="tearDown()[pri:0, instance:com.TripAdvisor.WebApp.Tests.SignInPageTest@71238fc2]" started-at="2022-12-20T09:01:00 IST" name="tearDown" finished-at="2022-12-20T09:01:01 IST" duration-ms="922" status="PASS">
          <reporter-output>
          </reporter-output>
        </test-method> <!-- tearDown -->
        <test-method is-config="true" signature="init(java.lang.String)[pri:0, instance:com.TripAdvisor.WebApp.Tests.SignInPageTest@71238fc2]" started-at="2022-12-20T09:01:01 IST" name="init" finished-at="2022-12-20T09:01:04 IST" duration-ms="2697" status="PASS">
          <params>
            <param index="0">
              <value>
                <![CDATA[chrome]]>
              </value>
            </param>
          </params>
          <reporter-output>
          </reporter-output>
        </test-method> <!-- init -->
        <test-method signature="TC_TripAdvisor_SignInPage_003()[pri:0, instance:com.TripAdvisor.WebApp.Tests.SignInPageTest@71238fc2]" started-at="2022-12-20T09:01:04 IST" name="TC_TripAdvisor_SignInPage_003" finished-at="2022-12-20T09:01:08 IST" duration-ms="4712" status="PASS">
          <reporter-output>
          </reporter-output>
        </test-method> <!-- TC_TripAdvisor_SignInPage_003 -->
        <test-method is-config="true" signature="tearDown()[pri:0, instance:com.TripAdvisor.WebApp.Tests.SignInPageTest@71238fc2]" started-at="2022-12-20T09:01:08 IST" name="tearDown" finished-at="2022-12-20T09:01:09 IST" duration-ms="681" status="PASS">
          <reporter-output>
          </reporter-output>
        </test-method> <!-- tearDown -->
        <test-method is-config="true" signature="init(java.lang.String)[pri:0, instance:com.TripAdvisor.WebApp.Tests.SignInPageTest@71238fc2]" started-at="2022-12-20T09:01:09 IST" name="init" finished-at="2022-12-20T09:01:12 IST" duration-ms="2589" status="PASS">
          <params>
            <param index="0">
              <value>
                <![CDATA[chrome]]>
              </value>
            </param>
          </params>
          <reporter-output>
          </reporter-output>
        </test-method> <!-- init -->
        <test-method signature="TC_TripAdvisor_SignInPage_004()[pri:0, instance:com.TripAdvisor.WebApp.Tests.SignInPageTest@71238fc2]" started-at="2022-12-20T09:01:12 IST" name="TC_TripAdvisor_SignInPage_004" finished-at="2022-12-20T09:01:17 IST" duration-ms="5343" status="PASS">
          <reporter-output>
          </reporter-output>
        </test-method> <!-- TC_TripAdvisor_SignInPage_004 -->
        <test-method is-config="true" signature="tearDown()[pri:0, instance:com.TripAdvisor.WebApp.Tests.SignInPageTest@71238fc2]" started-at="2022-12-20T09:01:17 IST" name="tearDown" finished-at="2022-12-20T09:01:18 IST" duration-ms="785" status="PASS">
          <reporter-output>
          </reporter-output>
        </test-method> <!-- tearDown -->
        <test-method is-config="true" signature="init(java.lang.String)[pri:0, instance:com.TripAdvisor.WebApp.Tests.SignInPageTest@71238fc2]" started-at="2022-12-20T09:01:18 IST" name="init" finished-at="2022-12-20T09:01:27 IST" duration-ms="9009" status="PASS">
          <params>
            <param index="0">
              <value>
                <![CDATA[chrome]]>
              </value>
            </param>
          </params>
          <reporter-output>
          </reporter-output>
        </test-method> <!-- init -->
        <test-method signature="TC_TripAdvisor_SignInPage_005()[pri:0, instance:com.TripAdvisor.WebApp.Tests.SignInPageTest@71238fc2]" started-at="2022-12-20T09:01:27 IST" name="TC_TripAdvisor_SignInPage_005" finished-at="2022-12-20T09:01:48 IST" duration-ms="20785" status="FAIL">
          <exception class="java.lang.NullPointerException">
            <full-stacktrace>
              <![CDATA[java.lang.NullPointerException
at com.TripAdvisor.WebApp.Pages.SignInPage.clickOnContinueWithEmail(SignInPage.java:113)
at com.TripAdvisor.WebApp.Tests.SignInPageTest.TC_TripAdvisor_SignInPage_005(SignInPageTest.java:98)
at java.base/jdk.internal.reflect.NativeMethodAccessorImpl.invoke0(Native Method)
at java.base/jdk.internal.reflect.NativeMethodAccessorImpl.invoke(NativeMethodAccessorImpl.java:62)
at java.base/jdk.internal.reflect.DelegatingMethodAccessorImpl.invoke(DelegatingMethodAccessorImpl.java:43)
at java.base/java.lang.reflect.Method.invoke(Method.java:566)
at org.testng.internal.MethodInvocationHelper.invokeMethod(MethodInvocationHelper.java:133)
at org.testng.internal.TestInvoker.invokeMethod(TestInvoker.java:598)
at org.testng.internal.TestInvoker.invokeTestMethod(TestInvoker.java:173)
at org.testng.internal.MethodRunner.runInSequence(MethodRunner.java:46)
at org.testng.internal.TestInvoker$MethodInvocationAgent.invoke(TestInvoker.java:824)
at org.testng.internal.TestInvoker.invokeTestMethods(TestInvoker.java:146)
at org.testng.internal.TestMethodWorker.invokeTestMethods(TestMethodWorker.java:146)
at org.testng.internal.TestMethodWorker.run(TestMethodWorker.java:128)
at java.base/java.util.ArrayList.forEach(ArrayList.java:1541)
at org.testng.TestRunner.privateRun(TestRunner.java:794)
at org.testng.TestRunner.run(TestRunner.java:596)
at org.testng.SuiteRunner.runTest(SuiteRunner.java:377)
at org.testng.SuiteRunner.access$000(SuiteRunner.java:28)
at org.testng.SuiteRunner$SuiteWorker.run(SuiteRunner.java:418)
at org.testng.internal.thread.ThreadUtil.lambda$execute$0(ThreadUtil.java:64)
at java.base/java.util.concurrent.FutureTask.run(FutureTask.java:264)
at java.base/java.util.concurrent.ThreadPoolExecutor.runWorker(ThreadPoolExecutor.java:1128)
at java.base/java.util.concurrent.ThreadPoolExecutor$Worker.run(ThreadPoolExecutor.java:628)
at java.base/java.lang.Thread.run(Thread.java:834)
]]>
            </full-stacktrace>
          </exception> <!-- java.lang.NullPointerException -->
          <reporter-output>
          </reporter-output>
        </test-method> <!-- TC_TripAdvisor_SignInPage_005 -->
        <test-method is-config="true" signature="tearDown()[pri:0, instance:com.TripAdvisor.WebApp.Tests.SignInPageTest@71238fc2]" started-at="2022-12-20T09:01:48 IST" name="tearDown" finished-at="2022-12-20T09:01:48 IST" duration-ms="720" status="PASS">
          <reporter-output>
          </reporter-output>
        </test-method> <!-- tearDown -->
        <test-method is-config="true" signature="init(java.lang.String)[pri:0, instance:com.TripAdvisor.WebApp.Tests.SignInPageTest@71238fc2]" started-at="2022-12-20T09:01:48 IST" name="init" finished-at="2022-12-20T09:01:52 IST" duration-ms="4191" status="PASS">
          <params>
            <param index="0">
              <value>
                <![CDATA[chrome]]>
              </value>
            </param>
          </params>
          <reporter-output>
          </reporter-output>
        </test-method> <!-- init -->
        <test-method signature="TC_TripAdvisor_SignInPage_006()[pri:0, instance:com.TripAdvisor.WebApp.Tests.SignInPageTest@71238fc2]" started-at="2022-12-20T09:01:52 IST" name="TC_TripAdvisor_SignInPage_006" finished-at="2022-12-20T09:01:55 IST" duration-ms="2860" status="PASS">
          <reporter-output>
          </reporter-output>
        </test-method> <!-- TC_TripAdvisor_SignInPage_006 -->
        <test-method is-config="true" signature="tearDown()[pri:0, instance:com.TripAdvisor.WebApp.Tests.SignInPageTest@71238fc2]" started-at="2022-12-20T09:01:55 IST" name="tearDown" finished-at="2022-12-20T09:01:56 IST" duration-ms="836" status="PASS">
          <reporter-output>
          </reporter-output>
        </test-method> <!-- tearDown -->
        <test-method is-config="true" signature="init(java.lang.String)[pri:0, instance:com.TripAdvisor.WebApp.Tests.SignInPageTest@71238fc2]" started-at="2022-12-20T09:01:57 IST" name="init" finished-at="2022-12-20T09:02:00 IST" duration-ms="3515" status="PASS">
          <params>
            <param index="0">
              <value>
                <![CDATA[chrome]]>
              </value>
            </param>
          </params>
          <reporter-output>
          </reporter-output>
        </test-method> <!-- init -->
        <test-method signature="TC_TripAdvisor_SignInPage_Negative_007(org.apache.poi.ss.usermodel.Row)[pri:0, instance:com.TripAdvisor.WebApp.Tests.SignInPageTest@71238fc2]" started-at="2022-12-20T09:02:00 IST" name="TC_TripAdvisor_SignInPage_Negative_007" data-provider="dataProviderForSignIn" finished-at="2022-12-20T09:02:08 IST" duration-ms="7893" status="PASS">
          <params>
            <param index="0">
              <value>
                <![CDATA[<xml-fragment r="1" spans="1:2" xmlns:r="http://schemas.openxmlformats.org/officeDocument/2006/relationships" xmlns:main="http://schemas.openxmlformats.org/spreadsheetml/2006/main">
  <main:c r="A1" t="s">
    <main:v>0</main:v>
  </main:c>
  <main:c r="B1" t="s">
    <main:v>1</main:v>
  </main:c>
</xml-fragment>]]>
              </value>
            </param>
          </params>
          <reporter-output>
          </reporter-output>
        </test-method> <!-- TC_TripAdvisor_SignInPage_Negative_007 -->
        <test-method is-config="true" signature="tearDown()[pri:0, instance:com.TripAdvisor.WebApp.Tests.SignInPageTest@71238fc2]" started-at="2022-12-20T09:02:08 IST" name="tearDown" finished-at="2022-12-20T09:02:09 IST" duration-ms="666" status="PASS">
          <reporter-output>
          </reporter-output>
        </test-method> <!-- tearDown -->
        <test-method is-config="true" signature="init(java.lang.String)[pri:0, instance:com.TripAdvisor.WebApp.Tests.SignInPageTest@71238fc2]" started-at="2022-12-20T09:02:09 IST" name="init" finished-at="2022-12-20T09:02:14 IST" duration-ms="4555" status="PASS">
          <params>
            <param index="0">
              <value>
                <![CDATA[chrome]]>
              </value>
            </param>
          </params>
          <reporter-output>
          </reporter-output>
        </test-method> <!-- init -->
        <test-method signature="TC_TripAdvisor_SignInPage_Negative_007(org.apache.poi.ss.usermodel.Row)[pri:0, instance:com.TripAdvisor.WebApp.Tests.SignInPageTest@71238fc2]" started-at="2022-12-20T09:02:14 IST" name="TC_TripAdvisor_SignInPage_Negative_007" data-provider="dataProviderForSignIn" finished-at="2022-12-20T09:02:21 IST" duration-ms="7056" status="PASS">
          <params>
            <param index="0">
              <value>
                <![CDATA[<xml-fragment r="2" spans="1:2" xmlns:r="http://schemas.openxmlformats.org/officeDocument/2006/relationships" xmlns:main="http://schemas.openxmlformats.org/spreadsheetml/2006/main">
  <main:c r="A2" s="1" t="s">
    <main:v>2</main:v>
  </main:c>
  <main:c r="B2" t="s">
    <main:v>3</main:v>
  </main:c>
</xml-fragment>]]>
              </value>
            </param>
          </params>
          <reporter-output>
          </reporter-output>
        </test-method> <!-- TC_TripAdvisor_SignInPage_Negative_007 -->
        <test-method is-config="true" signature="tearDown()[pri:0, instance:com.TripAdvisor.WebApp.Tests.SignInPageTest@71238fc2]" started-at="2022-12-20T09:02:21 IST" name="tearDown" finished-at="2022-12-20T09:02:21 IST" duration-ms="784" status="PASS">
          <reporter-output>
          </reporter-output>
        </test-method> <!-- tearDown -->
        <test-method is-config="true" signature="init(java.lang.String)[pri:0, instance:com.TripAdvisor.WebApp.Tests.SignInPageTest@71238fc2]" started-at="2022-12-20T09:02:21 IST" name="init" finished-at="2022-12-20T09:02:25 IST" duration-ms="3906" status="PASS">
          <params>
            <param index="0">
              <value>
                <![CDATA[chrome]]>
              </value>
            </param>
          </params>
          <reporter-output>
          </reporter-output>
        </test-method> <!-- init -->
        <test-method signature="TC_TripAdvisor_SignInPage_Negative_008()[pri:0, instance:com.TripAdvisor.WebApp.Tests.SignInPageTest@71238fc2]" started-at="2022-12-20T09:02:25 IST" name="TC_TripAdvisor_SignInPage_Negative_008" finished-at="2022-12-20T09:02:32 IST" duration-ms="6226" status="PASS">
          <reporter-output>
          </reporter-output>
        </test-method> <!-- TC_TripAdvisor_SignInPage_Negative_008 -->
        <test-method is-config="true" signature="tearDown()[pri:0, instance:com.TripAdvisor.WebApp.Tests.SignInPageTest@71238fc2]" started-at="2022-12-20T09:02:32 IST" name="tearDown" finished-at="2022-12-20T09:02:32 IST" duration-ms="681" status="PASS">
          <reporter-output>
          </reporter-output>
        </test-method> <!-- tearDown -->
        <test-method is-config="true" signature="init(java.lang.String)[pri:0, instance:com.TripAdvisor.WebApp.Tests.SignInPageTest@71238fc2]" started-at="2022-12-20T09:02:32 IST" name="init" finished-at="2022-12-20T09:02:36 IST" duration-ms="3701" status="PASS">
          <params>
            <param index="0">
              <value>
                <![CDATA[chrome]]>
              </value>
            </param>
          </params>
          <reporter-output>
          </reporter-output>
        </test-method> <!-- init -->
        <test-method signature="TC_TripAdvisor_SignInPage_Negative_009()[pri:0, instance:com.TripAdvisor.WebApp.Tests.SignInPageTest@71238fc2]" started-at="2022-12-20T09:02:36 IST" name="TC_TripAdvisor_SignInPage_Negative_009" finished-at="2022-12-20T09:02:43 IST" duration-ms="7083" status="PASS">
          <reporter-output>
          </reporter-output>
        </test-method> <!-- TC_TripAdvisor_SignInPage_Negative_009 -->
        <test-method is-config="true" signature="tearDown()[pri:0, instance:com.TripAdvisor.WebApp.Tests.SignInPageTest@71238fc2]" started-at="2022-12-20T09:02:43 IST" name="tearDown" finished-at="2022-12-20T09:02:44 IST" duration-ms="778" status="PASS">
          <reporter-output>
          </reporter-output>
        </test-method> <!-- tearDown -->
      </class> <!-- com.TripAdvisor.WebApp.Tests.SignInPageTest -->
      <class name="com.TripAdvisor.WebApp.Tests.HomePageTest">
        <test-method is-config="true" signature="init(java.lang.String)[pri:0, instance:com.TripAdvisor.WebApp.Tests.HomePageTest@1cbb87f3]" started-at="2022-12-20T09:00:26 IST" name="init" finished-at="2022-12-20T09:00:34 IST" duration-ms="7991" status="PASS">
          <params>
            <param index="0">
              <value>
                <![CDATA[chrome]]>
              </value>
            </param>
          </params>
          <reporter-output>
          </reporter-output>
        </test-method> <!-- init -->
        <test-method signature="TC_TripAdvisor_HomePage_001()[pri:0, instance:com.TripAdvisor.WebApp.Tests.HomePageTest@1cbb87f3]" started-at="2022-12-20T09:00:34 IST" name="TC_TripAdvisor_HomePage_001" finished-at="2022-12-20T09:00:34 IST" duration-ms="11" status="PASS">
          <reporter-output>
          </reporter-output>
        </test-method> <!-- TC_TripAdvisor_HomePage_001 -->
        <test-method is-config="true" signature="tearDown()[pri:0, instance:com.TripAdvisor.WebApp.Tests.HomePageTest@1cbb87f3]" started-at="2022-12-20T09:00:34 IST" name="tearDown" finished-at="2022-12-20T09:00:35 IST" duration-ms="615" status="PASS">
          <reporter-output>
          </reporter-output>
        </test-method> <!-- tearDown -->
        <test-method is-config="true" signature="init(java.lang.String)[pri:0, instance:com.TripAdvisor.WebApp.Tests.HomePageTest@1cbb87f3]" started-at="2022-12-20T09:00:35 IST" name="init" finished-at="2022-12-20T09:00:38 IST" duration-ms="2806" status="PASS">
          <params>
            <param index="0">
              <value>
                <![CDATA[chrome]]>
              </value>
            </param>
          </params>
          <reporter-output>
          </reporter-output>
        </test-method> <!-- init -->
        <test-method signature="TC_TripAdvisor_HomePage_002()[pri:0, instance:com.TripAdvisor.WebApp.Tests.HomePageTest@1cbb87f3]" started-at="2022-12-20T09:00:38 IST" name="TC_TripAdvisor_HomePage_002" finished-at="2022-12-20T09:00:38 IST" duration-ms="942" status="PASS">
          <reporter-output>
          </reporter-output>
        </test-method> <!-- TC_TripAdvisor_HomePage_002 -->
        <test-method is-config="true" signature="tearDown()[pri:0, instance:com.TripAdvisor.WebApp.Tests.HomePageTest@1cbb87f3]" started-at="2022-12-20T09:00:38 IST" name="tearDown" finished-at="2022-12-20T09:00:39 IST" duration-ms="792" status="PASS">
          <reporter-output>
          </reporter-output>
        </test-method> <!-- tearDown -->
        <test-method is-config="true" signature="init(java.lang.String)[pri:0, instance:com.TripAdvisor.WebApp.Tests.HomePageTest@1cbb87f3]" started-at="2022-12-20T09:00:39 IST" name="init" finished-at="2022-12-20T09:00:43 IST" duration-ms="3567" status="PASS">
          <params>
            <param index="0">
              <value>
                <![CDATA[chrome]]>
              </value>
            </param>
          </params>
          <reporter-output>
          </reporter-output>
        </test-method> <!-- init -->
        <test-method signature="TC_TripAdvisor_HomePage_003()[pri:0, instance:com.TripAdvisor.WebApp.Tests.HomePageTest@1cbb87f3]" started-at="2022-12-20T09:00:43 IST" name="TC_TripAdvisor_HomePage_003" finished-at="2022-12-20T09:00:43 IST" duration-ms="95" status="PASS">
          <reporter-output>
          </reporter-output>
        </test-method> <!-- TC_TripAdvisor_HomePage_003 -->
        <test-method is-config="true" signature="tearDown()[pri:0, instance:com.TripAdvisor.WebApp.Tests.HomePageTest@1cbb87f3]" started-at="2022-12-20T09:00:43 IST" name="tearDown" finished-at="2022-12-20T09:00:44 IST" duration-ms="625" status="PASS">
          <reporter-output>
          </reporter-output>
        </test-method> <!-- tearDown -->
      </class> <!-- com.TripAdvisor.WebApp.Tests.HomePageTest -->
    </test> <!-- TestsOnChrome -->
  </suite> <!-- Suite -->
</testng-results>
